8 Custom Window Title
9 Disable 1rag1 type parameters (Recommended)
14 Disable Hallucination Wavy Screen (Recommended)
17 Enable Official Custom Fonts
18 Skip Service Selection Screen
23 Enable /who command (Recommended)
24 Fix Camera Angles (Recommended)
30 Increase Zoom Out 50%
34 Enable /showname (Recommended)
35 Read Data Folder First
36 Always read msgstringtable.txt (Recommended)
38 Remove Gravity Ads (Recommended)
39 Remove Gravity Logo (Recommended)
40 Restore Login Window (Recommended)
41 Disable Nagle Algorithm (Recommended)
43 Always Use Email for Char Deletion
44 Translate Client (Recommended)
46 Use Normal Guild Brackets (Recommended)
47 Use Ragnarok Icon
48 Use Plain Text Descriptions (Recommended)
49 Enable Multiple GRFs (Recommended)
50 Skip License Screen
53 Use Ascii on All LangTypes (Recommended)
64 @ Bug Fix (Recommended)
65 Load Custom lua file instead of iteminfo*.lub (Recommended)
73 Remove Hourly Announce (Recommended)
74 Increase Screenshot Quality
84 Remove Serial Display (Recommended)
88 Allow space in guild name
90 Enable DNS Support (Recommended)
97 Cancel to Login Window (Recommended)
213 Disable Help Message on Login (Recommended)
215 Increase Map Quality
229 Enable Emblem hover for BG
230 Always load Korea ExternalSettings lua file (Recommended)
242 Disable kRO Site Launch
244 Disable Cheat Defender Game Guard (Recommended)
247 Change new char name field height
251 Allow close cutin by pressing esc key
253 Skip some hidden menu icon buttons
256 Use Default Web Browser In Cashshop
270 Change AchievementList*.lub path
271 Change MonsterSizeEffect*.lub path
272 Change Towninfo*.lub path
273 Change PetEvolutionCln*.lub path
274 Change Tipbox*.lub path
275 Change CheckAttendance*.lub path
276 Change OngoingQuestInfoList*.lub path
277 Change RecommendedQuestInfoList*.lub path
278 Change PrivateAirplane*.lub path
290 Hide build info in client (Recommended)
291 Hide packets from peek (Recommended)
322 Case-Insensitive Storage Search
338 Additional client validation (Recommended)
342 Add support for preview button in cash shop
348 Send client flags to server (Recommended)
351 Translate arrows buttons text from korean to english
362 Fixes the Korean Job name issue with LangType (Recommended)
404 Use borderless mode in full screen (Recommended)
409 Add close button to game window
427 Check is servertype in xml file was set to correct value (Recommended)
449 Add support for preview button in custom shops
